Change Component Designator: Old Designator=C200 New Designator=C?
Change Component Designator: Old Designator=C201 New Designator=C?
Change Component Designator: Old Designator=C202 New Designator=C?
Change Component Designator: Old Designator=C203 New Designator=C?
Change Component Designator: Old Designator=C204 New Designator=C?
Change Component Designator: Old Designator=C205 New Designator=C?
Change Component Designator: Old Designator=D200 New Designator=D?
Change Component Designator: Old Designator=LED200 New Designator=LED?
Change Component Designator: Old Designator=LED201 New Designator=LED?
Change Component Designator: Old Designator=MD200 New Designator=MD?
Change Component Designator: Old Designator=P200 New Designator=P?
Change Component Designator: Old Designator=R200 New Designator=R?
Change Component Designator: Old Designator=R201 New Designator=R?
Change Component Designator: Old Designator=R202 New Designator=R?
Change Component Designator: Old Designator=R203 New Designator=R?
Change Component Designator: Old Designator=R204 New Designator=R?
Change Component Designator: Old Designator=SW200 New Designator=SW?
Change Component Designator: Old Designator=SW201 New Designator=SW?
Change Component Designator: Old Designator=TP200 New Designator=TP?
Change Component Designator: Old Designator=TP201 New Designator=TP?
Change Component Designator: Old Designator=TP202 New Designator=TP?
Change Component Designator: Old Designator=TP203 New Designator=TP?
Change Component Designator: Old Designator=U200 New Designator=U?
Change Component Designator: Old Designator=U201 New Designator=U?
Change Component Designator: Old Designator=Y200 New Designator=Y?
