Change Component Designator: Old Designator=BT1 New Designator=BT?
Change Component Designator: Old Designator=C2 New Designator=C?
Change Component Designator: Old Designator=C3 New Designator=C?
Change Component Designator: Old Designator=C4 New Designator=C?
Change Component Designator: Old Designator=C5 New Designator=C?
Change Component Designator: Old Designator=D1 New Designator=D?
Change Component Designator: Old Designator=FB1 New Designator=FB?
Change Component Designator: Old Designator=J1 New Designator=J?
Change Component Designator: Old Designator=Q1 New Designator=Q?
Change Component Designator: Old Designator=R4 New Designator=R?
Change Component Designator: Old Designator=SW1 New Designator=SW?
Change Component Designator: Old Designator=TP_GND_GPS1 New Designator=TP_GND_GPS?
Change Component Designator: Old Designator=TP_GPS_ANTENNA1 New Designator=TP_GPS_ANTENNA?
Change Component Designator: Old Designator=TP_GPS_LCKIND1 New Designator=TP_GPS_LCKIND?
Change Component Designator: Old Designator=TP_GPS_RFIN1 New Designator=TP_GPS_RFIN?
Change Component Designator: Old Designator=TP_GPS_RST1 New Designator=TP_GPS_RST?
Change Component Designator: Old Designator=TP_GPS_RX1 New Designator=TP_GPS_RX?
Change Component Designator: Old Designator=TP_GPS_TX1 New Designator=TP_GPS_TX?
Change Component Designator: Old Designator=TP_GPS_VCC1 New Designator=TP_GPS_VCC?
Change Component Designator: Old Designator=TP_GPS_VOUT1 New Designator=TP_GPS_VOUT?
Change Component Designator: Old Designator=U2 New Designator=U?
