Change Component Designator: Old Designator=BT? New Designator=BT2
Change Component Designator: Old Designator=C? New Designator=C6
Change Component Designator: Old Designator=C? New Designator=C7
Change Component Designator: Old Designator=D? New Designator=D2
Change Component Designator: Old Designator=LED? New Designator=LED1
Change Component Designator: Old Designator=LED? New Designator=LED2
Change Component Designator: Old Designator=R? New Designator=R5
Change Component Designator: Old Designator=R? New Designator=R6
Change Component Designator: Old Designator=R? New Designator=R7
Change Component Designator: Old Designator=R? New Designator=R8
Change Component Designator: Old Designator=R? New Designator=R9
Change Component Designator: Old Designator=SW? New Designator=SW2
Change Component Designator: Old Designator=SW? New Designator=SW3
Change Component Designator: Old Designator=TP_? New Designator=TP_1
Change Component Designator: Old Designator=TP_? New Designator=TP_2
Change Component Designator: Old Designator=TP_? New Designator=TP_3
Change Component Designator: Old Designator=TP_? New Designator=TP_4
Change Component Designator: Old Designator=TP_? New Designator=TP_5
Change Component Designator: Old Designator=TP_? New Designator=TP_6
Change Component Designator: Old Designator=TP_AFTER_REG_? New Designator=TP_AFTER_REG_1
Change Component Designator: Old Designator=TP_AFTER_REG_? New Designator=TP_AFTER_REG_2
Change Component Designator: Old Designator=TP_BEFORE_REG? New Designator=TP_BEFORE_REG1
Change Component Designator: Old Designator=TP_GND_POWER? New Designator=TP_GND_POWER1
Change Component Designator: Old Designator=U? New Designator=U3
Change Component Designator: Old Designator=U? New Designator=U4
Change Component Designator: Old Designator=U? New Designator=U5
Change Component Designator: Old Designator=U? New Designator=U6
Change Component Designator: Old Designator=U? New Designator=U7
